=== İşlem başladı: Sat Mar 22 02:57:19 PM UTC 2025 ===
Mevcut anahtarlar kullanılacak
Geçersiz parametre! Kullanım:
  ./extract_cpio.sh           # arşivi çıkar
  ./extract_cpio.sh extract   # arşivi çıkar
  ./extract_cpio.sh create    # yeni arşiv oluştur ve .bmu yap
  ./extract_cpio.sh info      # CPIO dosyası hakkında bilgi göster
  ./extract_cpio.sh analyze   # Firmware'i detaylı analiz et
  ./extract_cpio.sh keys      # Yeni private ve public key oluştur
  ./extract_cpio.sh debug     # Debug için basitleştirilmiş firmware oluştur
  ./extract_cpio.sh verify-all # Tüm oluşturulan dosyaları doğrula
=== İşlem tamamlandı: Sat Mar 22 02:57:19 PM UTC 2025 ===
Log dosyasına bakın: cpio_operation.log
=== İşlem başladı: Sat Mar 22 02:57:22 PM UTC 2025 ===
Mevcut anahtarlar kullanılacak
1. ADIM: CPIO Arşivi Oluşturma
------------------------------
Dosyalar arşivleniyor: minerfs_new.cpio
CPIO arşivi oluşturuluyor (format: newc)
./tmp
./sbin/halt
./sbin/udhcpc
./sbin/poweroff
./sbin/mkfs.fat
./sbin/ifconfig
./sbin/id2mac
./sbin/killall5
./sbin/shutdown
./sbin/syslogd
./sbin/lsmod
./sbin/insmod
./sbin/modprobe
./sbin/ip
./sbin/dosfsck
./sbin/mkfs.msdos
./sbin/rmmod
./sbin/fsck.vfat
./sbin/start-stop-daemon
./sbin/modinfo
./sbin/reboot
./sbin/getty
./sbin/mkfs.vfat
./sbin/iproute
./sbin/fsck.msdos
./sbin/iplink
./sbin/ipaddr
./sbin/mkdosfs
./sbin/fsck.fat
./sbin/freeramdisk
./sbin/depmod
./sbin/init
./sbin/pidof
./sbin/route
./sbin
./bin/cat
./bin/sh
./bin/ping
./bin/rm
./bin/ps
./bin/linux32
./bin/stty
./bin/kill
./bin/rmdir
./bin/mktemp
./bin/touch
./bin/tar
./bin/df
./bin/echo
./bin/busybox
./bin/true
./bin/setpriv
./bin/printenv
./bin/sync
./bin/setserial
./bin/dmesg
./bin/date
./bin/uname
./bin/mount
./bin/mknod
./bin/false
./bin/pwd
./bin/usleep
./bin/arch
./bin/mkdir
./bin/grep
./bin/ln
./bin/link
./bin/nice
./bin/sleep
./bin/fgrep
./bin/netstat
./bin/ls
./bin/sed
./bin/base64
./bin/egrep
./bin/login
./bin/cp
./bin/hostname
./bin/dnsdomainname
./bin/ash
./bin/more
./bin/chown
./bin/vi
./bin/cpio
./bin/mv
./bin/umount
./bin/chmod
./bin
./proc
./miner
./lib32
./lib/libcrypt-2.25.so
./lib/libnss_files.so.2
./lib/libcrypt.so.1
./lib/libatomic.so.1.2.0
./lib/librt.so.1
./lib/libstdc++.so.6.0.24
./lib/libm.so.6
./lib/libnsl.so.1
./lib/debug/libstdc++.so.6.0.24
./lib/debug/libstdc++.so.6
./lib/debug
./lib/libatomic.so.1
./lib/libutil-2.25.so
./lib/libutil.so.1
./lib/ld-linux-armhf.so.3
./lib/libgcc_s.so.1
./lib/libnss_dns-2.25.so
./lib/modules/bitmain_axi.ko
./lib/modules
./lib/libnsl-2.25.so
./lib/librt-2.25.so
./lib/ld-2.25.so
./lib/libresolv.so.2
./lib/libanl.so.1
./lib/libc-2.25.so
./lib/libnss_dns.so.2
./lib/libm-2.25.so
./lib/libstdc++.so.6
./lib/libresolv-2.25.so
./lib/libnss_files-2.25.so
./lib/libc.so.6
./lib/libdl.so.2
./lib/libpthread-2.25.so
./lib/libanl-2.25.so
./lib/libpthread.so.0
./lib/libstdc++.so.6.0.24-gdb.py
./lib/libdl-2.25.so
./lib
./root
./config
./linuxrc
./sys
./mnt
./var/tmp
./var/spool
./var/lib/avahi-autoipd
./var/lib/misc
./var/lib/sudo/lectured
./var/lib/sudo
./var/lib
./var/cache
./var/log
./var/lock
./var/run
./var
./www/pages/blog.html
./www/pages/i18n/strings_zh.properties
./www/pages/i18n/strings.properties
./www/pages/i18n/strings_en.properties
./www/pages/i18n
./www/pages/miner.html
./www/pages/dashboard.html
./www/pages/index.html
./www/pages/cgi-bin/get_network_info.cgi
./www/pages/cgi-bin/pools.cgi
./www/pages/cgi-bin/stats.cgi
./www/pages/cgi-bin/summary.cgi
./www/pages/cgi-bin/get_system_info.cgi
./www/pages/cgi-bin/upgrade_clear.cgi
./www/pages/cgi-bin/warning.cgi
./www/pages/cgi-bin/blink.cgi
./www/pages/cgi-bin/create_log_backup.cgi
./www/pages/cgi-bin/get_blink_status.cgi
./www/pages/cgi-bin/set_network_conf.cgi
./www/pages/cgi-bin/log.cgi
./www/pages/cgi-bin/chart.cgi
./www/pages/cgi-bin/passwd.cgi
./www/pages/cgi-bin/set_miner_conf.cgi
./www/pages/cgi-bin/hlog.cgi
./www/pages/cgi-bin/get_droa.cgi
./www/pages/cgi-bin/dlog.cgi
./www/pages/cgi-bin/upgrade.cgi
./www/pages/cgi-bin/reboot.cgi
./www/pages/cgi-bin/miner_type.cgi
./www/pages/cgi-bin/get_adjustment_params.cgi
./www/pages/cgi-bin/get_miner_conf.cgi
./www/pages/cgi-bin/reset_conf.cgi
./www/pages/cgi-bin
./www/pages/favicon.ico
./www/pages/update.html
./www/pages/pwd.html
./www/pages/static/blog.f1eeb77e63ce4e55dedc2a89ee828c2a.png
./www/pages/static/plWatcher-on.69c33491faf9124f4dcec11e5c671d41.png
./www/pages/static/upload.1b295e2b9c43296f4181171d14f8d484.svg
./www/pages/static/m-s.0b93e63722e7537aa8e5c2c8d86a7e48.png
./www/pages/static/b-r.7543312f0dd56738b6ab0b1e3df61da2.png
./www/pages/static/miner.6ae7c8034fccc04badad743004c04e0a.png
./www/pages/static/xp-state.d801ffe6d39de892a6d96acaadb37f65.png
./www/pages/static/list-on.83ad0384f9f7beb215af8fe994fb6ed1.png
./www/pages/static/tip.3e808f47334338d7176821b982a6e8ab.png
./www/pages/static/pwd.f40a7b14894f11c44db25e2ff1e0b2da.png
./www/pages/static/blog-on.c2aabfd37f4dbaedc6cc6dfee0069ba5.png
./www/pages/static/plWatcher.837b1580f9f6a0cf0cf0c4295dac1200.png
./www/pages/static/pl-on.846b56369d00777b9a38cc5ddece853e.png
./www/pages/static/state-n2.19b5f5f12d86309aa3c3fc032804741e.png
./www/pages/static/m-e.5cf5d45f855e08321f77a30cb5bdfcb1.png
./www/pages/static/cn.cc7c1f56eddfee2441f3066c27b76309.png
./www/pages/static/list.12f25f0b09e3f62b6d08249a22090e79.png
./www/pages/static/checked.d86bf10d76b76e998d9b037d351ad120.png
./www/pages/static/dDrop-on.5aac2109f0bf4e9c8d0784acc4f167a4.png
./www/pages/static/ip-on.ef80642492a2863a1375e13ec40cd6b9.png
./www/pages/static/state-n.eb5fdc90174adcea02ce1373ddfb328d.png
./www/pages/static/mini-logo.aec1c9f5e9a2cd04ffcf900f7d00a805.png
./www/pages/static/update-on.75404bc022d70525092b275f0933a321.png
./www/pages/static/time.5018631644c1a3e3f4579acaaa1b5c43.png
./www/pages/static/ip.a08fa453ca092f0b5f7e9ea388794d2a.png
./www/pages/static/user-on.e761f7e356986e0efd0f814383b1890a.png
./www/pages/static/miner-on.8b70acac4602802d32756e9fbf876277.png
./www/pages/static/logo.8f0b64eeae9034245cf9a69da02643af.png
./www/pages/static/menu-on.6e727b330a26f9ebd48b3f082c8cf2c0.png
./www/pages/static/update.26a232749ba5f46fac078fcaba7700ed.png
./www/pages/static/system-on.3b2e0412f827cd72b829cd38bf61b120.png
./www/pages/static/dDrop.10420a2da60d2b2bae6e24d6e4b772d4.png
./www/pages/static/pop-w.0fc4ff0c4e83a0d177c95e62f419bce3.png
./www/pages/static/checkbox-ckd.998a930ecd5f582da29fb99f7cbf3d54.png
./www/pages/static/menu.c8239c2691f06708b1523288a69c4b3b.png
./www/pages/static/pwd-on.8be626baa64ca4ce7d58781c2bec60c1.png
./www/pages/static/system.33d236a0dee9cb60511d5c0d6a7c7c11.png
./www/pages/static/pop-close.40be22e50ae66d8b09cd2d601d138137.png
./www/pages/static/en.d591795beafd2948ee1be815c21a6106.png
./www/pages/static/state-y.2a940f52a7698ebfb9fa46eadb6ca927.png
./www/pages/static/pl.6eeb75f56752ef77e787c059066ed37d.png
./www/pages/static/xp-state-un.efec42ad4960f50cd58c53d92a71c531.png
./www/pages/static/h-d-arrow.0d3f38b47aa53757c13032bab6b42807.png
./www/pages/static/updating.8fadb97a0bc7ff7697fdcee9e8c6f67f.png
./www/pages/static/dashboard-on.fbd1d674c3df4a33e8fe7c8ddee2566c.png
./www/pages/static/dashboard.1afc82a13f05b6d523d51684fe45670b.png
./www/pages/static/state-un.7659b399f8406db2e32861844da58f58.png
./www/pages/static
./www/pages/ip.html
./www/pages/list.html
./www/pages/js/jquery.i18n.properties-min-1.0.9.js
./www/pages/js/dashboard.6d6c3b.js
./www/pages/js/vue.min.js
./www/pages/js/update.2aa3a2.js
./www/pages/js/blog.a6a328.js
./www/pages/js/echarts.min.js
./www/pages/js/ip.2f217e.js
./www/pages/js/index.db9b87.js
./www/pages/js/e404.94d3ca.js
./www/pages/js/pwd.657fea.js
./www/pages/js/list.a0982a.js
./www/pages/js/miner.e7e82d.js
./www/pages/js/jquery-3.4.1.min.js
./www/pages/js/axios.min.js
./www/pages/js/reader.4ac939.js
./www/pages/js
./www/pages/404.html
./www/pages
./www
./media
./opt
./run/sudo
./run
./etc/init.d/rcK
./etc/init.d/S52miner_act
./etc/init.d/S71monitorcg
./etc/init.d/S38iptables
./etc/init.d/S50dropbear
./etc/init.d/S50lighttpd
./etc/init.d/S41ntp
./etc/init.d/rcS
./etc/init.d/S05avahi-setup.sh
./etc/init.d/S70cgminer
./etc/init.d/S50avahi-daemon
./etc/init.d/S66monitor-recobtn
./etc/init.d/S38network
./etc/init.d/S65monitor-ipsig
./etc/init.d/S67update-daemon
./etc/init.d/S20urandom
./etc/init.d/S37bitmainer_setup
./etc/init.d/S01syslogd
./etc/init.d
./etc/localtime
./etc/udhcpc/default.script
./etc/udhcpc/default.script.d
./etc/udhcpc
./etc/cgminer.conf.factory
./etc/issue
./etc/subtype
./etc/services
./etc/profile
./etc/nsswitch.conf
./etc/group
./etc/hosts
./etc/fstab
./etc/inittab
./etc/shells
./etc/mtab
./etc/network.conf.factory
./etc/ssl/private
./etc/ssl/openssl.cnf
./etc/ssl/certs
./etc/ssl/ct_log_list.cnf.dist
./etc/ssl/openssl.cnf.dist
./etc/ssl/ct_log_list.cnf
./etc/ssl/misc/tsget.pl
./etc/ssl/misc
./etc/ssl
./etc/ntp.conf
./etc/passwd
./etc/os-release
./etc/profile.d/umask.sh
./etc/profile.d
./etc/bitmain.pub
./etc/shadow
./etc/bitmain_category.conf
./etc/resolv.conf
./etc/avahi/services/sftp-ssh.service
./etc/avahi/services/ssh.service
./etc/avahi/services
./etc/avahi/hosts
./etc/avahi/avahi-dnsconfd.action
./etc/avahi/avahi-daemon.conf
./etc/avahi/avahi-autoipd.action
./etc/avahi
./etc/sudoers
./etc/hostname
./etc/shadow.factory
./etc/lighttpd/lighttpd.conf
./etc/lighttpd/lighttpd-htdigest.user
./etc/lighttpd
./etc/topol.conf
./etc/zlog.conf
./etc/sudoers.dist
./etc/timezone
./etc/dropbear
./etc/protocols
./etc/sudoers.d
./etc
./usr/sbin/iptables-legacy-restore
./usr/sbin/ubiformat
./usr/sbin/lighttpd-angel
./usr/sbin/mtdinfo
./usr/sbin/xtables-legacy-multi
./usr/sbin/nandwrite
./usr/sbin/ip6tables
./usr/sbin/flash_erase
./usr/sbin/ip6tables-legacy-restore
./usr/sbin/ip6tables-restore
./usr/sbin/iptables-legacy
./usr/sbin/chroot
./usr/sbin/nanddump
./usr/sbin/iptables
./usr/sbin/ip6tables-legacy-save
./usr/sbin/ubiattach
./usr/sbin/antlogin
./usr/sbin/ether-wake
./usr/sbin/fsfreeze
./usr/sbin/ntpd
./usr/sbin/daemonc
./usr/sbin/ubimkvol
./usr/sbin/avahi-daemon
./usr/sbin/daemons
./usr/sbin/mkfs.jffs2
./usr/sbin/ip6tables-legacy
./usr/sbin/iptables-save
./usr/sbin/avahi-autoipd
./usr/sbin/updateporc.sh
./usr/sbin/update-daemon
./usr/sbin/lighttpd
./usr/sbin/avahi-dnsconfd
./usr/sbin/iptables-restore
./usr/sbin/visudo
./usr/sbin/iptables-legacy-save
./usr/sbin/ip6tables-save
./usr/sbin/dropbear
./usr/sbin
./usr/bin/setfattr
./usr/bin/sudoedit
./usr/bin/tr
./usr/bin/cgminer-api
./usr/bin/head
./usr/bin/md5sum
./usr/bin/factor
./usr/bin/wc
./usr/bin/killall
./usr/bin/openssl
./usr/bin/awk
./usr/bin/readlink
./usr/bin/compile_time
./usr/bin/less
./usr/bin/tty
./usr/bin/unlink
./usr/bin/iptables-xml
./usr/bin/yes
./usr/bin/fold
./usr/bin/realpath
./usr/bin/ntpdate
./usr/bin/jq
./usr/bin/kmod
./usr/bin/sha256sum
./usr/bin/printf
./usr/bin/patch
./usr/bin/dirname
./usr/bin/[[
./usr/bin/find
./usr/bin/monitor-ipsig
./usr/bin/fallocate
./usr/bin/xmlwf
./usr/bin/cvtsudoers
./usr/bin/passwd
./usr/bin/expr
./usr/bin/logname
./usr/bin/hostid
./usr/bin/cryptpw
./usr/bin/dropbearkey
./usr/bin/isolate_time
./usr/bin/diff
./usr/bin/who
./usr/bin/seq
./usr/bin/cksum
./usr/bin/tee
./usr/bin/godminer
./usr/bin/id
./usr/bin/test
./usr/bin/sort
./usr/bin/sudoreplay
./usr/bin/du
./usr/bin/mkfifo
./usr/bin/bzip2
./usr/bin/basename
./usr/bin/which
./usr/bin/env
./usr/bin/truncate
./usr/bin/cut
./usr/bin/factory_config_reset.sh
./usr/bin/nproc
./usr/bin/[
./usr/bin/svc
./usr/bin/paste
./usr/bin/tail
./usr/bin/FileParser
./usr/bin/monitor-recobtn
./usr/bin/dropbearconvert
./usr/bin/svok
./usr/bin/nohup
./usr/bin/xargs
./usr/bin/mesg
./usr/bin/top
./usr/bin/sudo
./usr/bin
./usr/lib32
./usr/lib/libevent_openssl-2.1.so.6.0.2
./usr/lib/libz.so
./usr/lib/libip4tc.so.2
./usr/lib/libip6tc.so
./usr/lib/libiptc.so.0
./usr/lib/liblzo2.so.2.0.0
./usr/lib/libavahi-core.so.7
./usr/lib/xtables/libxt_dccp.so
./usr/lib/xtables/libxt_TRACE.so
./usr/lib/xtables/libipt_ULOG.so
./usr/lib/xtables/libip6t_SNAT.so
./usr/lib/xtables/libxt_pkttype.so
./usr/lib/xtables/libxt_TEE.so
./usr/lib/xtables/libxt_iprange.so
./usr/lib/xtables/libxt_statistic.so
./usr/lib/xtables/libip6t_frag.so
./usr/lib/xtables/libxt_tcpmss.so
./usr/lib/xtables/libxt_SECMARK.so
./usr/lib/xtables/libxt_policy.so
./usr/lib/xtables/libip6t_dst.so
./usr/lib/xtables/libipt_NETMAP.so
./usr/lib/xtables/libxt_IDLETIMER.so
./usr/lib/xtables/libxt_NFLOG.so
./usr/lib/xtables/libipt_realm.so
./usr/lib/xtables/libipt_MASQUERADE.so
./usr/lib/xtables/libipt_ECN.so
./usr/lib/xtables/libxt_ecn.so
./usr/lib/xtables/libipt_REDIRECT.so
./usr/lib/xtables/libxt_tos.so
./usr/lib/xtables/libxt_owner.so
./usr/lib/xtables/libxt_bpf.so
./usr/lib/xtables/libxt_connbytes.so
./usr/lib/xtables/libip6t_LOG.so
./usr/lib/xtables/libxt_mac.so
./usr/lib/xtables/libxt_time.so
./usr/lib/xtables/libxt_connlimit.so
./usr/lib/xtables/libxt_AUDIT.so
./usr/lib/xtables/libxt_state.so
./usr/lib/xtables/libxt_osf.so
./usr/lib/xtables/libip6t_SNPT.so
./usr/lib/xtables/libxt_set.so
./usr/lib/xtables/libip6t_REJECT.so
./usr/lib/xtables/libxt_physdev.so
./usr/lib/xtables/libxt_rpfilter.so
./usr/lib/xtables/libxt_MARK.so
./usr/lib/xtables/libxt_ipcomp.so
./usr/lib/xtables/libxt_CONNMARK.so
./usr/lib/xtables/libxt_RATEEST.so
./usr/lib/xtables/libxt_connmark.so
./usr/lib/xtables/libipt_LOG.so
./usr/lib/xtables/libip6t_MASQUERADE.so
./usr/lib/xtables/libip6t_ipv6header.so
./usr/lib/xtables/libxt_dscp.so
./usr/lib/xtables/libip6t_rt.so
./usr/lib/xtables/libip6t_hl.so
./usr/lib/xtables/libxt_NFQUEUE.so
./usr/lib/xtables/libxt_hashlimit.so
./usr/lib/xtables/libxt_cgroup.so
./usr/lib/xtables/libxt_length.so
./usr/lib/xtables/libxt_conntrack.so
./usr/lib/xtables/libip6t_mh.so
./usr/lib/xtables/libip6t_ah.so
./usr/lib/xtables/libxt_mark.so
./usr/lib/xtables/libxt_udp.so
./usr/lib/xtables/libxt_TCPOPTSTRIP.so
./usr/lib/xtables/libipt_REJECT.so
./usr/lib/xtables/libipt_ah.so
./usr/lib/xtables/libxt_TOS.so
./usr/lib/xtables/libxt_socket.so
./usr/lib/xtables/libipt_SNAT.so
./usr/lib/xtables/libxt_tcp.so
./usr/lib/xtables/libxt_devgroup.so
./usr/lib/xtables/libxt_TCPMSS.so
./usr/lib/xtables/libxt_sctp.so
./usr/lib/xtables/libxt_esp.so
./usr/lib/xtables/libxt_nfacct.so
./usr/lib/xtables/libxt_NOTRACK.so
./usr/lib/xtables/libip6t_srh.so
./usr/lib/xtables/libxt_u32.so
./usr/lib/xtables/libipt_TTL.so
./usr/lib/xtables/libxt_helper.so
./usr/lib/xtables/libxt_rateest.so
./usr/lib/xtables/libxt_recent.so
./usr/lib/xtables/libip6t_NETMAP.so
./usr/lib/xtables/libxt_ipvs.so
./usr/lib/xtables/libxt_LED.so
./usr/lib/xtables/libxt_multiport.so
./usr/lib/xtables/libxt_SET.so
./usr/lib/xtables/libxt_CONNSECMARK.so
./usr/lib/xtables/libxt_cpu.so
./usr/lib/xtables/libxt_HMARK.so
./usr/lib/xtables/libxt_string.so
./usr/lib/xtables/libxt_TPROXY.so
./usr/lib/xtables/libip6t_hbh.so
./usr/lib/xtables/libxt_SYNPROXY.so
./usr/lib/xtables/libxt_comment.so
./usr/lib/xtables/libipt_CLUSTERIP.so
./usr/lib/xtables/libxt_cluster.so
./usr/lib/xtables/libipt_ttl.so
./usr/lib/xtables/libip6t_HL.so
./usr/lib/xtables/libip6t_icmp6.so
./usr/lib/xtables/libxt_addrtype.so
./usr/lib/xtables/libxt_CT.so
./usr/lib/xtables/libip6t_REDIRECT.so
./usr/lib/xtables/libxt_CHECKSUM.so
./usr/lib/xtables/libip6t_DNAT.so
./usr/lib/xtables/libxt_standard.so
./usr/lib/xtables/libipt_DNAT.so
./usr/lib/xtables/libip6t_DNPT.so
./usr/lib/xtables/libxt_DSCP.so
./usr/lib/xtables/libxt_quota.so
./usr/lib/xtables/libipt_icmp.so
./usr/lib/xtables/libip6t_eui64.so
./usr/lib/xtables/libxt_limit.so
./usr/lib/xtables/libxt_CLASSIFY.so
./usr/lib/xtables
./usr/lib/libavahi-common.so
./usr/lib/libavahi-core.so
./usr/lib/libz.so.1
./usr/lib/libexpat.so.1.6.10
./usr/lib/libkmod.so.2.3.3
./usr/lib/libevent_pthreads-2.1.so.6.0.2
./usr/lib/libzlog.so.1.2
./usr/lib/libavahi-core.so.7.0.2
./usr/lib/libkmod.so.2
./usr/lib/libz.so.1.2.11
./usr/lib/libssl.so.1.1
./usr/lib/libevent_pthreads.so
./usr/lib/libdaemon.so
./usr/lib/libevent-2.1.so.6
./usr/lib/liblzo2.so
./usr/lib/libxtables.so.12.2.0
./usr/lib/libdaemon.so.0
./usr/lib/libevent.so
./usr/lib/libiptc.so.0.0.0
./usr/lib/libevent-2.1.so.6.0.2
./usr/lib/os-release
./usr/lib/libavahi-common.so.3
./usr/lib/libevent_core-2.1.so.6
./usr/lib/liblzo2.so.2
./usr/lib/libevent_openssl-2.1.so.6
./usr/lib/libip4tc.so.2.0.0
./usr/lib/libdaemon.so.0.5.0
./usr/lib/libxtables.so
./usr/lib/libip6tc.so.2
./usr/lib/libiptc.so
./usr/lib/avahi
./usr/lib/libavahi-common.so.3.5.3
./usr/lib/tmpfiles.d/sudo.conf
./usr/lib/tmpfiles.d
./usr/lib/libexpat.so.1
./usr/lib/libevent_core.so
./usr/lib/libcrypto.so
./usr/lib/lighttpd/mod_extforward.so
./usr/lib/lighttpd/mod_scgi.so
./usr/lib/lighttpd/mod_redirect.so
./usr/lib/lighttpd/mod_dirlisting.so
./usr/lib/lighttpd/mod_mysql_vhost.so
./usr/lib/lighttpd/mod_alias.so
./usr/lib/lighttpd/mod_accesslog.so
./usr/lib/lighttpd/mod_rewrite.so
./usr/lib/lighttpd/mod_ssi.so
./usr/lib/lighttpd/mod_auth.so
./usr/lib/lighttpd/mod_evhost.so
./usr/lib/lighttpd/mod_secdownload.so
./usr/lib/lighttpd/mod_simple_vhost.so
./usr/lib/lighttpd/mod_indexfile.so
./usr/lib/lighttpd/mod_usertrack.so
./usr/lib/lighttpd/mod_expire.so
./usr/lib/lighttpd/mod_setenv.so
./usr/lib/lighttpd/mod_cgi.so
./usr/lib/lighttpd/mod_flv_streaming.so
./usr/lib/lighttpd/mod_access.so
./usr/lib/lighttpd/mod_webdav.so
./usr/lib/lighttpd/mod_trigger_b4_dl.so
./usr/lib/lighttpd/mod_fastcgi.so
./usr/lib/lighttpd/mod_rrdtool.so
./usr/lib/lighttpd/mod_proxy.so
./usr/lib/lighttpd/mod_status.so
./usr/lib/lighttpd/mod_cml.so
./usr/lib/lighttpd/mod_evasive.so
./usr/lib/lighttpd/mod_compress.so
./usr/lib/lighttpd/mod_staticfile.so
./usr/lib/lighttpd/mod_userdir.so
./usr/lib/lighttpd/mod_magnet.so
./usr/lib/lighttpd
./usr/lib/libevent_extra.so
./usr/lib/libip4tc.so
./usr/lib/libxtables.so.12
./usr/lib/libevent_extra-2.1.so.6.0.2
./usr/lib/libkmod.so
./usr/lib/libexpat.so
./usr/lib/libevent_extra-2.1.so.6
./usr/lib/libevent_core-2.1.so.6.0.2
./usr/lib/libcrypto.so.1.1
./usr/lib/libip6tc.so.2.0.0
./usr/lib/libevent_pthreads-2.1.so.6
./usr/lib/libevent_openssl.so
./usr/lib/libssl.so
./usr/lib
./usr/libexec/lzo/examples/simple
./usr/libexec/lzo/examples/lzopack
./usr/libexec/lzo/examples/testmini
./usr/libexec/lzo/examples/lzotest
./usr/libexec/lzo/examples
./usr/libexec/lzo
./usr/libexec/rmt
./usr/libexec/sudo/sudo_noexec.so
./usr/libexec/sudo/libsudo_util.so
./usr/libexec/sudo/system_group.so
./usr/libexec/sudo/libsudo_util.so.0
./usr/libexec/sudo/libsudo_util.so.0.0.0
./usr/libexec/sudo/sudoers.so
./usr/libexec/sudo/group_file.so
./usr/libexec/sudo
./usr/libexec
./usr
./init
./dev/shm
./dev/fd
./dev/stdout
./dev/log
./dev/stdin
./dev/pts
./dev/stderr
./dev
.
32959 blocks
CPIO arşivi başarıyla oluşturuldu: minerfs_new.cpio

2. ADIM: BIN Dosyası Oluşturma
------------------------------
CPIO arşivi BIN dosyasına dönüştürülüyor: minerfs_new.bin
Orijinal firmware başlığı analiz ediliyor
8+0 records in
8+0 records out
8 bytes copied, 0.000285806 s, 28.0 kB/s
E9-Pro başlığı ekleniyor
U-Boot fitImage formatına dönüştürülüyor
FIT description: Filesystem Image image with one or more FDT blobs
Created:         Sat Mar 22 14:57:22 2025
 Image 0 (filesystem-1)
  Description:  
  Created:      Sat Mar 22 14:57:22 2025
  Type:         Filesystem Image
  Compression:  uncompressed
  Data Size:    16875026 Bytes = 16479.52 KiB = 16.09 MiB
  Hash algo:    crc32
  Hash value:   eb661841
 Default Configuration: 'conf-1'
 Configuration 0 (conf-1)
  Description:  unavailable
  Kernel:       unavailable
BIN dosyası FIT formatında güncellendi
BIN dosyası başarıyla oluşturuldu: minerfs_new.bin

3. ADIM: BMU Dosyası Oluşturma ve İmzalama
------------------------------
BIN dosyası BMU formatına dönüştürülüyor: minerfs_new.bmu
BMU dosyası özel anahtar ile imzalanıyor
İmza boyutu: 256 bayt
İmzalı BMU dosyası oluşturuldu: minerfs_signed.bmu

Oluşturulan Dosyalar:
------------------------------
CPIO arşivi: minerfs_new.cpio
BIN dosyası: minerfs_new.bin
BMU dosyası: minerfs_new.bmu
İmzalı BMU dosyası: minerfs_signed.bmu
-rw-rw-r-- 1 agrotest2 agrotest2 17M Mar 22 14:57 minerfs_new.bin
-rw-rw-r-- 1 agrotest2 agrotest2 17M Mar 22 14:57 minerfs_new.bmu
-rw-rw-r-- 1 agrotest2 agrotest2 17M Mar 22 14:57 minerfs_new.cpio
-rw-rw-r-- 1 agrotest2 agrotest2 17M Mar 22 14:57 minerfs_signed.bmu

İşlem tamamlandı. İmzalı BMU dosyası cihaza yüklenmeye hazır: minerfs_signed.bmu
=== İşlem tamamlandı: Sat Mar 22 02:57:22 PM UTC 2025 ===
Log dosyasına bakın: cpio_operation.log
=== İşlem başladı: Sat Mar 22 02:57:45 PM UTC 2025 ===
Mevcut anahtarlar kullanılacak
Geçersiz parametre! Kullanım:
  ./extract_cpio.sh           # arşivi çıkar
  ./extract_cpio.sh extract   # arşivi çıkar
  ./extract_cpio.sh create    # yeni arşiv oluştur ve .bmu yap
  ./extract_cpio.sh info      # CPIO dosyası hakkında bilgi göster
  ./extract_cpio.sh analyze   # Firmware'i detaylı analiz et
  ./extract_cpio.sh keys      # Yeni private ve public key oluştur
  ./extract_cpio.sh debug     # Debug için basitleştirilmiş firmware oluştur
  ./extract_cpio.sh verify-all # Tüm oluşturulan dosyaları doğrula
=== İşlem tamamlandı: Sat Mar 22 02:57:45 PM UTC 2025 ===
Log dosyasına bakın: cpio_operation.log
